000 (45064599.000.000) 2025-09-17 11:42:52 Job submitted from host: <10.14.0.121:9618?addrs=10.14.0.121-9618&alias=ldas-pcdev12.ligo.caltech.edu&noUDP&sock=schedd_14950_08f5>
    DAG Node: bayeswave.00000
...
040 (45064599.000.000) 2025-09-17 11:45:44 Started transferring input files
	Transferring to host: <10.14.10.173:9618?addrs=10.14.10.173-9618&alias=node2423.cluster.ldas.cit&noUDP&sock=slot1_8_283171_5614_21490>
...
040 (45064599.000.000) 2025-09-17 11:45:44 Finished transferring input files
...
001 (45064599.000.000) 2025-09-17 11:45:44 Job executing on host: <10.14.10.173:9618?addrs=10.14.10.173-9618&alias=node2423.cluster.ldas.cit&noUDP&sock=startd_2700_8dcc>
	SlotName: slot1_8@node2423.cluster.ldas.cit
	CondorScratchDir = "/var/lib/condor/execute/dir_607654"
	Cpus = 20
	Disk = 1049600
	GPUs = 0
	Memory = 1024
...
006 (45064599.000.000) 2025-09-17 11:45:53 Image size of job updated: 40508
	40  -  MemoryUsage of job (MB)
	40508  -  ResidentSetSize of job (KB)
...
006 (45064599.000.000) 2025-09-17 11:50:53 Image size of job updated: 592436
	550  -  MemoryUsage of job (MB)
	562444  -  ResidentSetSize of job (KB)
...
006 (45064599.000.000) 2025-09-17 11:55:53 Image size of job updated: 605056
	579  -  MemoryUsage of job (MB)
	592056  -  ResidentSetSize of job (KB)
...
006 (45064599.000.000) 2025-09-17 12:00:54 Image size of job updated: 608228
	579  -  MemoryUsage of job (MB)
	592056  -  ResidentSetSize of job (KB)
...
006 (45064599.000.000) 2025-09-17 12:05:54 Image size of job updated: 611316
	579  -  MemoryUsage of job (MB)
	592056  -  ResidentSetSize of job (KB)
...
006 (45064599.000.000) 2025-09-17 12:10:54 Image size of job updated: 615552
	579  -  MemoryUsage of job (MB)
	592056  -  ResidentSetSize of job (KB)
...
006 (45064599.000.000) 2025-09-17 12:15:55 Image size of job updated: 618356
	587  -  MemoryUsage of job (MB)
	600964  -  ResidentSetSize of job (KB)
...
006 (45064599.000.000) 2025-09-17 12:20:56 Image size of job updated: 633232
	589  -  MemoryUsage of job (MB)
	602540  -  ResidentSetSize of job (KB)
...
006 (45064599.000.000) 2025-09-17 12:25:56 Image size of job updated: 633232
	589  -  MemoryUsage of job (MB)
	602804  -  ResidentSetSize of job (KB)
...
006 (45064599.000.000) 2025-09-17 12:30:56 Image size of job updated: 652416
	592  -  MemoryUsage of job (MB)
	605408  -  ResidentSetSize of job (KB)
...
006 (45064599.000.000) 2025-09-17 12:35:56 Image size of job updated: 652416
	594  -  MemoryUsage of job (MB)
	607384  -  ResidentSetSize of job (KB)
...
006 (45064599.000.000) 2025-09-17 12:40:56 Image size of job updated: 659236
	614  -  MemoryUsage of job (MB)
	627904  -  ResidentSetSize of job (KB)
...
006 (45064599.000.000) 2025-09-17 12:45:56 Image size of job updated: 659236
	636  -  MemoryUsage of job (MB)
	650728  -  ResidentSetSize of job (KB)
...
040 (45064599.000.000) 2025-09-17 12:46:16 Started transferring output files
...
040 (45064599.000.000) 2025-09-17 12:46:16 Finished transferring output files
...
040 (45064599.000.000) 2025-09-17 13:46:18 Started transferring output files
...
040 (45064599.000.000) 2025-09-17 13:46:19 Finished transferring output files
...
040 (45064599.000.000) 2025-09-17 14:46:22 Started transferring output files
...
040 (45064599.000.000) 2025-09-17 14:46:22 Finished transferring output files
...
040 (45064599.000.000) 2025-09-17 15:46:26 Started transferring output files
...
040 (45064599.000.000) 2025-09-17 15:46:26 Finished transferring output files
...
040 (45064599.000.000) 2025-09-17 16:46:29 Started transferring output files
...
040 (45064599.000.000) 2025-09-17 16:46:30 Finished transferring output files
...
006 (45064599.000.000) 2025-09-17 17:46:20 Image size of job updated: 661048
	636  -  MemoryUsage of job (MB)
	650728  -  ResidentSetSize of job (KB)
...
040 (45064599.000.000) 2025-09-17 17:46:38 Started transferring output files
...
040 (45064599.000.000) 2025-09-17 17:46:38 Finished transferring output files
...
040 (45064599.000.000) 2025-09-17 18:46:48 Started transferring output files
...
040 (45064599.000.000) 2025-09-17 18:46:48 Finished transferring output files
...
006 (45064599.000.000) 2025-09-17 19:46:32 Image size of job updated: 661388
	636  -  MemoryUsage of job (MB)
	650728  -  ResidentSetSize of job (KB)
...
040 (45064599.000.000) 2025-09-17 19:46:51 Started transferring output files
...
040 (45064599.000.000) 2025-09-17 19:46:52 Finished transferring output files
...
040 (45064599.000.000) 2025-09-17 20:46:57 Started transferring output files
...
040 (45064599.000.000) 2025-09-17 20:46:57 Finished transferring output files
...
040 (45064599.000.000) 2025-09-17 21:47:08 Started transferring output files
...
040 (45064599.000.000) 2025-09-17 21:47:08 Finished transferring output files
...
006 (45064599.000.000) 2025-09-17 22:41:52 Image size of job updated: 665320
	636  -  MemoryUsage of job (MB)
	650728  -  ResidentSetSize of job (KB)
...
040 (45064599.000.000) 2025-09-17 22:47:20 Started transferring output files
...
040 (45064599.000.000) 2025-09-17 22:47:20 Finished transferring output files
...
006 (45064599.000.000) 2025-09-17 23:46:56 Image size of job updated: 674148
	636  -  MemoryUsage of job (MB)
	650728  -  ResidentSetSize of job (KB)
...
040 (45064599.000.000) 2025-09-17 23:47:27 Started transferring output files
...
040 (45064599.000.000) 2025-09-17 23:47:27 Finished transferring output files
...
040 (45064599.000.000) 2025-09-18 00:47:32 Started transferring output files
...
040 (45064599.000.000) 2025-09-18 00:47:32 Finished transferring output files
...
040 (45064599.000.000) 2025-09-18 01:47:43 Started transferring output files
...
040 (45064599.000.000) 2025-09-18 01:47:44 Finished transferring output files
...
040 (45064599.000.000) 2025-09-18 02:47:48 Started transferring output files
...
040 (45064599.000.000) 2025-09-18 02:47:48 Finished transferring output files
...
040 (45064599.000.000) 2025-09-18 03:47:51 Started transferring output files
...
040 (45064599.000.000) 2025-09-18 03:47:51 Finished transferring output files
...
040 (45064599.000.000) 2025-09-18 04:47:54 Started transferring output files
...
040 (45064599.000.000) 2025-09-18 04:47:54 Finished transferring output files
...
040 (45064599.000.000) 2025-09-18 05:47:57 Started transferring output files
...
040 (45064599.000.000) 2025-09-18 05:47:57 Finished transferring output files
...
040 (45064599.000.000) 2025-09-18 06:48:01 Started transferring output files
...
040 (45064599.000.000) 2025-09-18 06:48:02 Finished transferring output files
...
006 (45064599.000.000) 2025-09-18 07:22:32 Image size of job updated: 684524
	636  -  MemoryUsage of job (MB)
	650728  -  ResidentSetSize of job (KB)
...
040 (45064599.000.000) 2025-09-18 07:48:06 Started transferring output files
...
040 (45064599.000.000) 2025-09-18 07:48:06 Finished transferring output files
...
040 (45064599.000.000) 2025-09-18 08:48:12 Started transferring output files
...
040 (45064599.000.000) 2025-09-18 08:48:12 Finished transferring output files
...
040 (45064599.000.000) 2025-09-18 09:48:15 Started transferring output files
...
040 (45064599.000.000) 2025-09-18 09:48:16 Finished transferring output files
...
040 (45064599.000.000) 2025-09-18 10:48:23 Started transferring output files
...
040 (45064599.000.000) 2025-09-18 10:48:23 Finished transferring output files
...
040 (45064599.000.000) 2025-09-18 11:48:24 Started transferring output files
...
040 (45064599.000.000) 2025-09-18 11:48:25 Finished transferring output files
...
004 (45064599.000.000) 2025-09-18 11:52:31 Job was evicted. Code 1019 Subcode 0
	(0) CPU times
		Usr 9 20:47:01, Sys 1 07:04:18  -  Run Remote Usage
		Usr 0 00:00:00, Sys 0 00:00:00  -  Run Local Usage
	37264390  -  Run Bytes Sent By Job
	968717  -  Run Bytes Received By Job
	Reason: Preempted for a Priority user
	Partitionable Resources :    Usage  Request Allocated 
	   Cpus                 :                20        20 
	   Disk (KB)            :    37704  1048576   1049600 
	   GPUs                 :                           0 
	   Memory (MB)          :      636     1024      1024 
	   TimeExecute (s)      :      246                    
	   TimeSlotBusy (s)     :    86807                    
...
040 (45064599.000.000) 2025-09-18 11:59:08 Started transferring input files
	Transferring to host: <10.14.10.127:9618?addrs=10.14.10.127-9618&alias=node2377.cluster.ldas.cit&noUDP&sock=slot1_2_3840_6095_16716>
...
040 (45064599.000.000) 2025-09-18 11:59:08 Finished transferring input files
...
001 (45064599.000.000) 2025-09-18 11:59:08 Job executing on host: <10.14.10.127:9618?addrs=10.14.10.127-9618&alias=node2377.cluster.ldas.cit&noUDP&sock=startd_2936_6e26>
	SlotName: slot1_2@node2377.cluster.ldas.cit
	CondorScratchDir = "/var/lib/condor/execute/dir_1338001"
	Cpus = 20
	Disk = 1049600
	GPUs = 0
	Memory = 1024
...
040 (45064599.000.000) 2025-09-18 12:59:10 Started transferring output files
...
040 (45064599.000.000) 2025-09-18 12:59:10 Finished transferring output files
...
040 (45064599.000.000) 2025-09-18 13:59:12 Started transferring output files
...
040 (45064599.000.000) 2025-09-18 13:59:13 Finished transferring output files
...
040 (45064599.000.000) 2025-09-18 14:59:15 Started transferring output files
...
040 (45064599.000.000) 2025-09-18 14:59:15 Finished transferring output files
...
040 (45064599.000.000) 2025-09-18 15:59:19 Started transferring output files
...
040 (45064599.000.000) 2025-09-18 15:59:19 Finished transferring output files
...
040 (45064599.000.000) 2025-09-18 16:59:20 Started transferring output files
...
040 (45064599.000.000) 2025-09-18 16:59:20 Finished transferring output files
...
040 (45064599.000.000) 2025-09-18 17:59:25 Started transferring output files
...
040 (45064599.000.000) 2025-09-18 17:59:25 Finished transferring output files
...
040 (45064599.000.000) 2025-09-18 18:59:29 Started transferring output files
...
040 (45064599.000.000) 2025-09-18 18:59:29 Finished transferring output files
...
040 (45064599.000.000) 2025-09-18 19:59:34 Started transferring output files
...
040 (45064599.000.000) 2025-09-18 19:59:34 Finished transferring output files
...
040 (45064599.000.000) 2025-09-18 20:59:39 Started transferring output files
...
040 (45064599.000.000) 2025-09-18 20:59:39 Finished transferring output files
...
040 (45064599.000.000) 2025-09-18 21:59:40 Started transferring output files
...
040 (45064599.000.000) 2025-09-18 21:59:40 Finished transferring output files
...
040 (45064599.000.000) 2025-09-18 22:59:41 Started transferring output files
...
040 (45064599.000.000) 2025-09-18 22:59:41 Finished transferring output files
...
040 (45064599.000.000) 2025-09-18 23:59:44 Started transferring output files
...
040 (45064599.000.000) 2025-09-18 23:59:44 Finished transferring output files
...
040 (45064599.000.000) 2025-09-19 00:59:45 Started transferring output files
...
040 (45064599.000.000) 2025-09-19 00:59:45 Finished transferring output files
...
040 (45064599.000.000) 2025-09-19 01:59:48 Started transferring output files
...
040 (45064599.000.000) 2025-09-19 01:59:48 Finished transferring output files
...
040 (45064599.000.000) 2025-09-19 02:59:53 Started transferring output files
...
040 (45064599.000.000) 2025-09-19 02:59:53 Finished transferring output files
...
040 (45064599.000.000) 2025-09-19 03:59:57 Started transferring output files
...
040 (45064599.000.000) 2025-09-19 03:59:57 Finished transferring output files
...
040 (45064599.000.000) 2025-09-19 05:00:01 Started transferring output files
...
040 (45064599.000.000) 2025-09-19 05:00:02 Finished transferring output files
...
040 (45064599.000.000) 2025-09-19 06:00:04 Started transferring output files
...
040 (45064599.000.000) 2025-09-19 06:00:05 Finished transferring output files
...
040 (45064599.000.000) 2025-09-19 07:00:10 Started transferring output files
...
040 (45064599.000.000) 2025-09-19 07:00:10 Finished transferring output files
...
040 (45064599.000.000) 2025-09-19 08:00:12 Started transferring output files
...
040 (45064599.000.000) 2025-09-19 08:00:12 Finished transferring output files
...
040 (45064599.000.000) 2025-09-19 09:00:16 Started transferring output files
...
040 (45064599.000.000) 2025-09-19 09:00:16 Finished transferring output files
...
040 (45064599.000.000) 2025-09-19 10:00:19 Started transferring output files
...
040 (45064599.000.000) 2025-09-19 10:00:20 Finished transferring output files
...
040 (45064599.000.000) 2025-09-19 11:00:23 Started transferring output files
...
040 (45064599.000.000) 2025-09-19 11:00:23 Finished transferring output files
...
040 (45064599.000.000) 2025-09-19 12:00:26 Started transferring output files
...
040 (45064599.000.000) 2025-09-19 12:00:26 Finished transferring output files
...
040 (45064599.000.000) 2025-09-19 12:30:49 Started transferring output files
...
040 (45064599.000.000) 2025-09-19 12:30:50 Finished transferring output files
...
005 (45064599.000.000) 2025-09-19 12:30:51 Job terminated.
	(1) Normal termination (return value 0)
		Usr 7 13:25:28, Sys 2 15:15:24  -  Run Remote Usage
		Usr 0 00:00:00, Sys 0 00:00:00  -  Run Local Usage
		Usr 17 10:12:29, Sys 3 22:19:42  -  Total Remote Usage
		Usr 0 00:00:00, Sys 0 00:00:00  -  Total Local Usage
	91319208  -  Run Bytes Sent By Job
	38233171  -  Run Bytes Received By Job
	128583598  -  Total Bytes Sent By Job
	39201888  -  Total Bytes Received By Job
	Partitionable Resources :    Usage  Request Allocated 
	   Cpus                 :                20        20 
	   Disk (KB)            :    90388  1048576   1049600 
	   GPUs                 :                           0 
	   Memory (MB)          :      733     1024      1024 
	   TimeExecute (s)      :     1823                    
	   TimeSlotBusy (s)     :    88303                    
...
