000 (42367151.000.000) 2025-09-09 13:43:59 Job submitted from host: <10.14.0.121:9618?addrs=10.14.0.121-9618&alias=ldas-pcdev12.ligo.caltech.edu&noUDP&sock=schedd_7366_0ab3>
    DAG Node: create_data.00000
...
001 (42367151.000.000) 2025-09-09 13:50:37 Job executing on host: <10.14.5.134:9618?addrs=10.14.5.134-9618&alias=node1134.cluster.ldas.cit&noUDP&sock=startd_7250_79b6>
	SlotName: slot1_8@node1134.cluster.ldas.cit
	CondorScratchDir = "/var/lib/condor/execute/dir_424736"
	Cpus = 1
	Disk = 513024
	GPUs = 0
	Memory = 512
...
005 (42367151.000.000) 2025-09-09 13:50:39 Job terminated.
	(1) Normal termination (return value 0)
		Usr 0 00:00:00, Sys 0 00:00:00  -  Run Remote Usage
		Usr 0 00:00:00, Sys 0 00:00:00  -  Run Local Usage
		Usr 0 00:00:00, Sys 0 00:00:00  -  Total Remote Usage
		Usr 0 00:00:00, Sys 0 00:00:00  -  Total Local Usage
	789650  -  Run Bytes Sent By Job
	122456  -  Run Bytes Received By Job
	789650  -  Total Bytes Sent By Job
	122456  -  Total Bytes Received By Job
	Partitionable Resources :    Usage  Request Allocated 
	   Cpus                 :                 1         1 
	   Disk (KB)            :      933   512000    513024 
	   GPUs                 :                           0 
	   Memory (MB)          :        0      500       512 
	   TimeExecute (s)      :        1                    
	   TimeSlotBusy (s)     :        2                    
...
000 (42368257.000.000) 2025-09-09 13:50:45 Job submitted from host: <10.14.0.121:9618?addrs=10.14.0.121-9618&alias=ldas-pcdev12.ligo.caltech.edu&noUDP&sock=schedd_7366_0ab3>
    DAG Node: bayeswave.00000
...
001 (42368257.000.000) 2025-09-09 13:54:37 Job executing on host: <10.14.10.41:9618?addrs=10.14.10.41-9618&alias=node2291.cluster.ldas.cit&noUDP&sock=startd_4289_79c9>
	SlotName: slot1_4@node2291.cluster.ldas.cit
	CondorScratchDir = "/var/lib/condor/execute/dir_681246"
	Cpus = 20
	Disk = 3146752
	GPUs = 0
	Memory = 3072
...
004 (42368257.000.000) 2025-09-10 13:58:04 Job was evicted. Code 1019 Subcode 0
	(0) CPU times
		Usr 6 17:30:18, Sys 1 21:11:45  -  Run Remote Usage
		Usr 0 00:00:00, Sys 0 00:00:00  -  Run Local Usage
	48892304  -  Run Bytes Sent By Job
	968866  -  Run Bytes Received By Job
	Reason: Preempted for a Priority user
	Partitionable Resources :    Usage  Request Allocated 
	   Cpus                 :                20        20 
	   Disk (KB)            :    49024  3145728   3146752 
	   GPUs                 :                           0 
	   Memory (MB)          :      736     3072      3072 
	   TimeExecute (s)      :       85                    
	   TimeSlotBusy (s)     :    86607                    
...
001 (42368257.000.000) 2025-09-10 14:01:24 Job executing on host: <10.14.4.53:9618?addrs=10.14.4.53-9618&alias=node803.cluster.ldas.cit&noUDP&sock=startd_2481_568e>
	SlotName: slot1_26@node803.cluster.ldas.cit
	CondorScratchDir = "/var/lib/condor/execute/dir_2028897"
	Cpus = 20
	Disk = 3146752
	GPUs = 0
	Memory = 3072
...
004 (42368257.000.000) 2025-09-10 15:50:45 Job was evicted. Code 1013 Subcode 0
	(0) CPU times
		Usr 0 17:35:40, Sys 0 02:47:36  -  Run Remote Usage
		Usr 0 00:00:00, Sys 0 00:00:00  -  Run Local Usage
	51361204  -  Run Bytes Sent By Job
	49861234  -  Run Bytes Received By Job
	Reason: Startd was shutdown
	Partitionable Resources :    Usage  Request Allocated 
	   Cpus                 :                20        20 
	   Disk (KB)            :    51380  3145728   3146752 
	   GPUs                 :                           0 
	   Memory (MB)          :      977     3072      3072 
	   TimeExecute (s)      :     2957                    
	   TimeSlotBusy (s)     :     6561                    
...
001 (42368257.000.000) 2025-09-10 15:52:28 Job executing on host: <10.14.4.6:9618?addrs=10.14.4.6-9618&alias=node756.cluster.ldas.cit&noUDP&sock=startd_2526_3451>
	SlotName: slot1_9@node756.cluster.ldas.cit
	CondorScratchDir = "/var/lib/condor/execute/dir_26679"
	Cpus = 20
	Disk = 3146752
	GPUs = 0
	Memory = 3072
...
004 (42368257.000.000) 2025-09-11 17:33:42 Job was evicted. Code 1019 Subcode 0
	(0) CPU times
		Usr 9 16:15:51, Sys 1 10:08:25  -  Run Remote Usage
		Usr 0 00:00:00, Sys 0 00:00:00  -  Run Local Usage
	81365041  -  Run Bytes Sent By Job
	52330134  -  Run Bytes Received By Job
	Reason: Preempted for a Priority user
	Partitionable Resources :    Usage  Request Allocated 
	   Cpus                 :                20        20 
	   Disk (KB)            :    81448  3145728   3146752 
	   GPUs                 :                           0 
	   Memory (MB)          :      977     3072      3072 
	   TimeExecute (s)      :     2345                    
	   TimeSlotBusy (s)     :    92475                    
...
001 (42368257.000.000) 2025-09-11 17:35:46 Job executing on host: <10.14.4.31:9618?addrs=10.14.4.31-9618&alias=node781.cluster.ldas.cit&noUDP&sock=startd_2789_99ba>
	SlotName: slot1_9@node781.cluster.ldas.cit
	CondorScratchDir = "/var/lib/condor/execute/dir_2526355"
	Cpus = 20
	Disk = 3146752
	GPUs = 0
	Memory = 3072
...
005 (42368257.000.000) 2025-09-12 03:01:58 Job terminated.
	(1) Normal termination (return value 0)
		Usr 3 09:54:58, Sys 0 11:49:38  -  Run Remote Usage
		Usr 0 00:00:00, Sys 0 00:00:00  -  Run Local Usage
		Usr 20 13:16:47, Sys 3 21:57:24  -  Total Remote Usage
		Usr 0 00:00:00, Sys 0 00:00:00  -  Total Local Usage
	89494822  -  Run Bytes Sent By Job
	82333971  -  Run Bytes Received By Job
	271113371  -  Total Bytes Sent By Job
	185494205  -  Total Bytes Received By Job
	Partitionable Resources :    Usage  Request Allocated 
	   Cpus                 :                20        20 
	   Disk (KB)            :    88628  3145728   3146752 
	   GPUs                 :                           0 
	   Memory (MB)          :      977     3072      3072 
	   TimeExecute (s)      :     1474                    
	   TimeSlotBusy (s)     :    33971                    
...
000 (43073533.000.000) 2025-09-12 03:02:07 Job submitted from host: <10.14.0.121:9618?addrs=10.14.0.121-9618&alias=ldas-pcdev12.ligo.caltech.edu&noUDP&sock=schedd_7366_0ab3>
    DAG Node: bayeswave_post.00000
...
001 (43073533.000.000) 2025-09-12 03:03:17 Job executing on host: <10.14.8.246:9618?addrs=10.14.8.246-9618&alias=node1996.cluster.ldas.cit&noUDP&sock=startd_981332_b4ef>
	SlotName: slot1_5@node1996.cluster.ldas.cit
	CondorScratchDir = "/var/lib/condor/execute/dir_1164159"
	Cpus = 1
	Disk = 1049600
	GPUs = 0
	Memory = 2048
...
004 (43073533.000.000) 2025-09-12 03:08:17 Job was evicted.
	(0) Job terminated and was requeued
		Usr 0 00:02:07, Sys 0 00:00:10  -  Run Remote Usage
		Usr 0 00:00:00, Sys 0 00:00:00  -  Run Local Usage
	0  -  Run Bytes Sent By Job
	90284936  -  Run Bytes Received By Job
	(1) Normal termination (return value 132)
	The job attribute OnExitRemove expression 'NumJobCompletions > JobMaxRetries || ExitCode =?= JobSuccessExitCode' evaluated to FALSE
...
001 (43073533.000.000) 2025-09-12 03:09:33 Job executing on host: <10.14.4.3:9618?addrs=10.14.4.3-9618&alias=node753.cluster.ldas.cit&noUDP&sock=startd_2631_39c3>
	SlotName: slot1_5@node753.cluster.ldas.cit
	CondorScratchDir = "/var/lib/condor/execute/dir_1362327"
	Cpus = 1
	Disk = 1049600
	GPUs = 0
	Memory = 2048
...
004 (43073533.000.000) 2025-09-12 03:12:49 Job was evicted.
	(0) Job terminated and was requeued
		Usr 0 00:02:50, Sys 0 00:00:09  -  Run Remote Usage
		Usr 0 00:00:00, Sys 0 00:00:00  -  Run Local Usage
	0  -  Run Bytes Sent By Job
	90284936  -  Run Bytes Received By Job
	(1) Normal termination (return value 132)
	The job attribute OnExitRemove expression 'NumJobCompletions > JobMaxRetries || ExitCode =?= JobSuccessExitCode' evaluated to FALSE
...
001 (43073533.000.000) 2025-09-12 03:14:06 Job executing on host: <10.14.10.80:9618?addrs=10.14.10.80-9618&alias=node2330.cluster.ldas.cit&noUDP&sock=startd_3017_fd52>
	SlotName: slot1_15@node2330.cluster.ldas.cit
	CondorScratchDir = "/var/lib/condor/execute/dir_1268615"
	Cpus = 1
	Disk = 1049600
	GPUs = 0
	Memory = 2048
...
005 (43073533.000.000) 2025-09-12 03:15:07 Job terminated.
	(0) Abnormal termination (signal 11)
	(0) No core file
		Usr 0 00:00:53, Sys 0 00:00:03  -  Run Remote Usage
		Usr 0 00:00:00, Sys 0 00:00:00  -  Run Local Usage
		Usr 0 00:05:50, Sys 0 00:00:22  -  Total Remote Usage
		Usr 0 00:00:00, Sys 0 00:00:00  -  Total Local Usage
	0  -  Run Bytes Sent By Job
	90284936  -  Run Bytes Received By Job
	0  -  Total Bytes Sent By Job
	270854808  -  Total Bytes Received By Job
	Partitionable Resources :    Usage  Request Allocated 
	   Cpus                 :                 1         1 
	   Disk (KB)            :   105112  1048576   1049600 
	   GPUs                 :                           0 
	   Memory (MB)          :      314     2048      2048 
	   TimeExecute (s)      :       61                    
	   TimeSlotBusy (s)     :       62                    
...
