000 (42368257.000.000) 2025-09-09 13:50:45 Job submitted from host: <10.14.0.121:9618?addrs=10.14.0.121-9618&alias=ldas-pcdev12.ligo.caltech.edu&noUDP&sock=schedd_7366_0ab3>
    DAG Node: bayeswave.00000
...
040 (42368257.000.000) 2025-09-09 13:54:37 Started transferring input files
	Transferring to host: <10.14.10.41:9618?addrs=10.14.10.41-9618&alias=node2291.cluster.ldas.cit&noUDP&sock=slot1_4_487087_9af8_292>
...
040 (42368257.000.000) 2025-09-09 13:54:37 Finished transferring input files
...
001 (42368257.000.000) 2025-09-09 13:54:37 Job executing on host: <10.14.10.41:9618?addrs=10.14.10.41-9618&alias=node2291.cluster.ldas.cit&noUDP&sock=startd_4289_79c9>
	SlotName: slot1_4@node2291.cluster.ldas.cit
	CondorScratchDir = "/var/lib/condor/execute/dir_681246"
	Cpus = 20
	Disk = 3146752
	GPUs = 0
	Memory = 3072
...
006 (42368257.000.000) 2025-09-09 13:54:46 Image size of job updated: 569692
	557  -  MemoryUsage of job (MB)
	569692  -  ResidentSetSize of job (KB)
...
006 (42368257.000.000) 2025-09-09 13:59:46 Image size of job updated: 650684
	587  -  MemoryUsage of job (MB)
	600500  -  ResidentSetSize of job (KB)
...
006 (42368257.000.000) 2025-09-09 14:04:46 Image size of job updated: 685544
	601  -  MemoryUsage of job (MB)
	615200  -  ResidentSetSize of job (KB)
...
006 (42368257.000.000) 2025-09-09 14:09:46 Image size of job updated: 685544
	642  -  MemoryUsage of job (MB)
	656868  -  ResidentSetSize of job (KB)
...
006 (42368257.000.000) 2025-09-09 14:14:46 Image size of job updated: 693168
	645  -  MemoryUsage of job (MB)
	660380  -  ResidentSetSize of job (KB)
...
006 (42368257.000.000) 2025-09-09 14:19:47 Image size of job updated: 710380
	665  -  MemoryUsage of job (MB)
	680820  -  ResidentSetSize of job (KB)
...
006 (42368257.000.000) 2025-09-09 14:24:47 Image size of job updated: 715048
	688  -  MemoryUsage of job (MB)
	703992  -  ResidentSetSize of job (KB)
...
006 (42368257.000.000) 2025-09-09 14:29:47 Image size of job updated: 727328
	694  -  MemoryUsage of job (MB)
	710444  -  ResidentSetSize of job (KB)
...
006 (42368257.000.000) 2025-09-09 14:34:47 Image size of job updated: 755512
	694  -  MemoryUsage of job (MB)
	710444  -  ResidentSetSize of job (KB)
...
006 (42368257.000.000) 2025-09-09 14:39:48 Image size of job updated: 755512
	701  -  MemoryUsage of job (MB)
	716812  -  ResidentSetSize of job (KB)
...
006 (42368257.000.000) 2025-09-09 14:44:48 Image size of job updated: 755512
	708  -  MemoryUsage of job (MB)
	724844  -  ResidentSetSize of job (KB)
...
006 (42368257.000.000) 2025-09-09 14:49:48 Image size of job updated: 755928
	734  -  MemoryUsage of job (MB)
	751572  -  ResidentSetSize of job (KB)
...
006 (42368257.000.000) 2025-09-09 14:54:42 Image size of job updated: 774356
	736  -  MemoryUsage of job (MB)
	753456  -  ResidentSetSize of job (KB)
...
040 (42368257.000.000) 2025-09-09 14:54:42 Started transferring output files
...
040 (42368257.000.000) 2025-09-09 14:54:42 Finished transferring output files
...
040 (42368257.000.000) 2025-09-09 15:54:46 Started transferring output files
...
040 (42368257.000.000) 2025-09-09 15:54:46 Finished transferring output files
...
040 (42368257.000.000) 2025-09-09 16:54:48 Started transferring output files
...
040 (42368257.000.000) 2025-09-09 16:54:48 Finished transferring output files
...
040 (42368257.000.000) 2025-09-09 17:54:50 Started transferring output files
...
040 (42368257.000.000) 2025-09-09 17:54:50 Finished transferring output files
...
040 (42368257.000.000) 2025-09-09 18:54:55 Started transferring output files
...
040 (42368257.000.000) 2025-09-09 18:54:56 Finished transferring output files
...
040 (42368257.000.000) 2025-09-09 19:55:00 Started transferring output files
...
040 (42368257.000.000) 2025-09-09 19:55:00 Finished transferring output files
...
040 (42368257.000.000) 2025-09-09 20:55:06 Started transferring output files
...
040 (42368257.000.000) 2025-09-09 20:55:06 Finished transferring output files
...
040 (42368257.000.000) 2025-09-09 21:55:11 Started transferring output files
...
040 (42368257.000.000) 2025-09-09 21:55:11 Finished transferring output files
...
040 (42368257.000.000) 2025-09-09 22:55:16 Started transferring output files
...
040 (42368257.000.000) 2025-09-09 22:55:16 Finished transferring output files
...
040 (42368257.000.000) 2025-09-09 23:55:21 Started transferring output files
...
040 (42368257.000.000) 2025-09-09 23:55:21 Finished transferring output files
...
040 (42368257.000.000) 2025-09-10 00:55:30 Started transferring output files
...
040 (42368257.000.000) 2025-09-10 00:55:30 Finished transferring output files
...
040 (42368257.000.000) 2025-09-10 01:55:37 Started transferring output files
...
040 (42368257.000.000) 2025-09-10 01:55:38 Finished transferring output files
...
040 (42368257.000.000) 2025-09-10 02:55:43 Started transferring output files
...
040 (42368257.000.000) 2025-09-10 02:55:44 Finished transferring output files
...
040 (42368257.000.000) 2025-09-10 03:55:53 Started transferring output files
...
040 (42368257.000.000) 2025-09-10 03:55:53 Finished transferring output files
...
040 (42368257.000.000) 2025-09-10 04:56:05 Started transferring output files
...
040 (42368257.000.000) 2025-09-10 04:56:06 Finished transferring output files
...
040 (42368257.000.000) 2025-09-10 05:56:08 Started transferring output files
...
040 (42368257.000.000) 2025-09-10 05:56:08 Finished transferring output files
...
040 (42368257.000.000) 2025-09-10 06:56:13 Started transferring output files
...
040 (42368257.000.000) 2025-09-10 06:56:13 Finished transferring output files
...
040 (42368257.000.000) 2025-09-10 07:56:18 Started transferring output files
...
040 (42368257.000.000) 2025-09-10 07:56:18 Finished transferring output files
...
040 (42368257.000.000) 2025-09-10 08:56:22 Started transferring output files
...
040 (42368257.000.000) 2025-09-10 08:56:22 Finished transferring output files
...
040 (42368257.000.000) 2025-09-10 09:56:25 Started transferring output files
...
040 (42368257.000.000) 2025-09-10 09:56:25 Finished transferring output files
...
040 (42368257.000.000) 2025-09-10 10:56:29 Started transferring output files
...
040 (42368257.000.000) 2025-09-10 10:56:29 Finished transferring output files
...
040 (42368257.000.000) 2025-09-10 11:56:32 Started transferring output files
...
040 (42368257.000.000) 2025-09-10 11:56:33 Finished transferring output files
...
040 (42368257.000.000) 2025-09-10 12:56:37 Started transferring output files
...
040 (42368257.000.000) 2025-09-10 12:56:38 Finished transferring output files
...
040 (42368257.000.000) 2025-09-10 13:56:39 Started transferring output files
...
040 (42368257.000.000) 2025-09-10 13:56:39 Finished transferring output files
...
004 (42368257.000.000) 2025-09-10 13:58:04 Job was evicted. Code 1019 Subcode 0
	(0) CPU times
		Usr 6 17:30:18, Sys 1 21:11:45  -  Run Remote Usage
		Usr 0 00:00:00, Sys 0 00:00:00  -  Run Local Usage
	48892304  -  Run Bytes Sent By Job
	968866  -  Run Bytes Received By Job
	Reason: Preempted for a Priority user
	Partitionable Resources :    Usage  Request Allocated 
	   Cpus                 :                20        20 
	   Disk (KB)            :    49024  3145728   3146752 
	   GPUs                 :                           0 
	   Memory (MB)          :      736     3072      3072 
	   TimeExecute (s)      :       85                    
	   TimeSlotBusy (s)     :    86607                    
...
040 (42368257.000.000) 2025-09-10 14:01:24 Started transferring input files
	Transferring to host: <10.14.4.53:9618?addrs=10.14.4.53-9618&alias=node803.cluster.ldas.cit&noUDP&sock=slot1_26_70505_e68c_4966>
...
040 (42368257.000.000) 2025-09-10 14:01:24 Finished transferring input files
...
001 (42368257.000.000) 2025-09-10 14:01:24 Job executing on host: <10.14.4.53:9618?addrs=10.14.4.53-9618&alias=node803.cluster.ldas.cit&noUDP&sock=startd_2481_568e>
	SlotName: slot1_26@node803.cluster.ldas.cit
	CondorScratchDir = "/var/lib/condor/execute/dir_2028897"
	Cpus = 20
	Disk = 3146752
	GPUs = 0
	Memory = 3072
...
040 (42368257.000.000) 2025-09-10 15:01:27 Started transferring output files
...
040 (42368257.000.000) 2025-09-10 15:01:27 Finished transferring output files
...
040 (42368257.000.000) 2025-09-10 15:50:44 Started transferring output files
...
040 (42368257.000.000) 2025-09-10 15:50:44 Finished transferring output files
...
004 (42368257.000.000) 2025-09-10 15:50:45 Job was evicted. Code 1013 Subcode 0
	(0) CPU times
		Usr 0 17:35:40, Sys 0 02:47:36  -  Run Remote Usage
		Usr 0 00:00:00, Sys 0 00:00:00  -  Run Local Usage
	51361204  -  Run Bytes Sent By Job
	49861234  -  Run Bytes Received By Job
	Reason: Startd was shutdown
	Partitionable Resources :    Usage  Request Allocated 
	   Cpus                 :                20        20 
	   Disk (KB)            :    51380  3145728   3146752 
	   GPUs                 :                           0 
	   Memory (MB)          :      977     3072      3072 
	   TimeExecute (s)      :     2957                    
	   TimeSlotBusy (s)     :     6561                    
...
040 (42368257.000.000) 2025-09-10 15:52:28 Started transferring input files
	Transferring to host: <10.14.4.6:9618?addrs=10.14.4.6-9618&alias=node756.cluster.ldas.cit&noUDP&sock=slot1_9_3630_69cd_44>
...
040 (42368257.000.000) 2025-09-10 15:52:28 Finished transferring input files
...
001 (42368257.000.000) 2025-09-10 15:52:28 Job executing on host: <10.14.4.6:9618?addrs=10.14.4.6-9618&alias=node756.cluster.ldas.cit&noUDP&sock=startd_2526_3451>
	SlotName: slot1_9@node756.cluster.ldas.cit
	CondorScratchDir = "/var/lib/condor/execute/dir_26679"
	Cpus = 20
	Disk = 3146752
	GPUs = 0
	Memory = 3072
...
040 (42368257.000.000) 2025-09-10 16:52:34 Started transferring output files
...
040 (42368257.000.000) 2025-09-10 16:52:34 Finished transferring output files
...
040 (42368257.000.000) 2025-09-10 17:52:38 Started transferring output files
...
040 (42368257.000.000) 2025-09-10 17:52:38 Finished transferring output files
...
040 (42368257.000.000) 2025-09-10 18:52:41 Started transferring output files
...
040 (42368257.000.000) 2025-09-10 18:52:41 Finished transferring output files
...
040 (42368257.000.000) 2025-09-10 19:52:51 Started transferring output files
...
040 (42368257.000.000) 2025-09-10 19:52:51 Finished transferring output files
...
040 (42368257.000.000) 2025-09-10 20:52:57 Started transferring output files
...
040 (42368257.000.000) 2025-09-10 20:52:57 Finished transferring output files
...
040 (42368257.000.000) 2025-09-10 21:53:03 Started transferring output files
...
040 (42368257.000.000) 2025-09-10 21:53:03 Finished transferring output files
...
040 (42368257.000.000) 2025-09-10 22:53:08 Started transferring output files
...
040 (42368257.000.000) 2025-09-10 22:53:08 Finished transferring output files
...
040 (42368257.000.000) 2025-09-10 23:53:10 Started transferring output files
...
040 (42368257.000.000) 2025-09-10 23:53:11 Finished transferring output files
...
040 (42368257.000.000) 2025-09-11 00:53:17 Started transferring output files
...
040 (42368257.000.000) 2025-09-11 00:53:17 Finished transferring output files
...
040 (42368257.000.000) 2025-09-11 01:53:20 Started transferring output files
...
040 (42368257.000.000) 2025-09-11 01:53:20 Finished transferring output files
...
040 (42368257.000.000) 2025-09-11 02:53:26 Started transferring output files
...
040 (42368257.000.000) 2025-09-11 02:53:26 Finished transferring output files
...
040 (42368257.000.000) 2025-09-11 03:53:30 Started transferring output files
...
040 (42368257.000.000) 2025-09-11 03:53:30 Finished transferring output files
...
040 (42368257.000.000) 2025-09-11 04:53:39 Started transferring output files
...
040 (42368257.000.000) 2025-09-11 04:53:39 Finished transferring output files
...
040 (42368257.000.000) 2025-09-11 05:53:44 Started transferring output files
...
040 (42368257.000.000) 2025-09-11 05:53:44 Finished transferring output files
...
040 (42368257.000.000) 2025-09-11 06:53:49 Started transferring output files
...
040 (42368257.000.000) 2025-09-11 06:53:50 Finished transferring output files
...
040 (42368257.000.000) 2025-09-11 07:53:52 Started transferring output files
...
040 (42368257.000.000) 2025-09-11 07:53:52 Finished transferring output files
...
040 (42368257.000.000) 2025-09-11 08:53:54 Started transferring output files
...
040 (42368257.000.000) 2025-09-11 08:53:54 Finished transferring output files
...
040 (42368257.000.000) 2025-09-11 09:53:56 Started transferring output files
...
040 (42368257.000.000) 2025-09-11 09:53:56 Finished transferring output files
...
040 (42368257.000.000) 2025-09-11 10:54:04 Started transferring output files
...
040 (42368257.000.000) 2025-09-11 10:54:04 Finished transferring output files
...
040 (42368257.000.000) 2025-09-11 11:54:10 Started transferring output files
...
040 (42368257.000.000) 2025-09-11 11:54:10 Finished transferring output files
...
040 (42368257.000.000) 2025-09-11 12:54:13 Started transferring output files
...
040 (42368257.000.000) 2025-09-11 12:54:13 Finished transferring output files
...
040 (42368257.000.000) 2025-09-11 13:54:15 Started transferring output files
...
040 (42368257.000.000) 2025-09-11 13:54:15 Finished transferring output files
...
040 (42368257.000.000) 2025-09-11 14:54:26 Started transferring output files
...
040 (42368257.000.000) 2025-09-11 14:54:26 Finished transferring output files
...
040 (42368257.000.000) 2025-09-11 15:54:31 Started transferring output files
...
040 (42368257.000.000) 2025-09-11 15:54:31 Finished transferring output files
...
040 (42368257.000.000) 2025-09-11 16:54:37 Started transferring output files
...
040 (42368257.000.000) 2025-09-11 16:54:37 Finished transferring output files
...
004 (42368257.000.000) 2025-09-11 17:33:42 Job was evicted. Code 1019 Subcode 0
	(0) CPU times
		Usr 9 16:15:51, Sys 1 10:08:25  -  Run Remote Usage
		Usr 0 00:00:00, Sys 0 00:00:00  -  Run Local Usage
	81365041  -  Run Bytes Sent By Job
	52330134  -  Run Bytes Received By Job
	Reason: Preempted for a Priority user
	Partitionable Resources :    Usage  Request Allocated 
	   Cpus                 :                20        20 
	   Disk (KB)            :    81448  3145728   3146752 
	   GPUs                 :                           0 
	   Memory (MB)          :      977     3072      3072 
	   TimeExecute (s)      :     2345                    
	   TimeSlotBusy (s)     :    92475                    
...
040 (42368257.000.000) 2025-09-11 17:35:45 Started transferring input files
	Transferring to host: <10.14.4.31:9618?addrs=10.14.4.31-9618&alias=node781.cluster.ldas.cit&noUDP&sock=slot1_9_3997_ff7c_1592>
...
040 (42368257.000.000) 2025-09-11 17:35:46 Finished transferring input files
...
001 (42368257.000.000) 2025-09-11 17:35:46 Job executing on host: <10.14.4.31:9618?addrs=10.14.4.31-9618&alias=node781.cluster.ldas.cit&noUDP&sock=startd_2789_99ba>
	SlotName: slot1_9@node781.cluster.ldas.cit
	CondorScratchDir = "/var/lib/condor/execute/dir_2526355"
	Cpus = 20
	Disk = 3146752
	GPUs = 0
	Memory = 3072
...
040 (42368257.000.000) 2025-09-11 18:35:59 Started transferring output files
...
040 (42368257.000.000) 2025-09-11 18:36:00 Finished transferring output files
...
040 (42368257.000.000) 2025-09-11 19:36:13 Started transferring output files
...
040 (42368257.000.000) 2025-09-11 19:36:13 Finished transferring output files
...
040 (42368257.000.000) 2025-09-11 20:36:32 Started transferring output files
...
040 (42368257.000.000) 2025-09-11 20:36:32 Finished transferring output files
...
040 (42368257.000.000) 2025-09-11 21:36:41 Started transferring output files
...
040 (42368257.000.000) 2025-09-11 21:36:41 Finished transferring output files
...
040 (42368257.000.000) 2025-09-11 22:36:47 Started transferring output files
...
040 (42368257.000.000) 2025-09-11 22:36:48 Finished transferring output files
...
040 (42368257.000.000) 2025-09-11 23:36:56 Started transferring output files
...
040 (42368257.000.000) 2025-09-11 23:36:56 Finished transferring output files
...
040 (42368257.000.000) 2025-09-12 00:37:01 Started transferring output files
...
040 (42368257.000.000) 2025-09-12 00:37:01 Finished transferring output files
...
040 (42368257.000.000) 2025-09-12 01:37:09 Started transferring output files
...
040 (42368257.000.000) 2025-09-12 01:37:09 Finished transferring output files
...
040 (42368257.000.000) 2025-09-12 02:37:20 Started transferring output files
...
040 (42368257.000.000) 2025-09-12 02:37:21 Finished transferring output files
...
040 (42368257.000.000) 2025-09-12 03:01:55 Started transferring output files
...
040 (42368257.000.000) 2025-09-12 03:01:55 Finished transferring output files
...
005 (42368257.000.000) 2025-09-12 03:01:58 Job terminated.
	(1) Normal termination (return value 0)
		Usr 3 09:54:58, Sys 0 11:49:38  -  Run Remote Usage
		Usr 0 00:00:00, Sys 0 00:00:00  -  Run Local Usage
		Usr 20 13:16:47, Sys 3 21:57:24  -  Total Remote Usage
		Usr 0 00:00:00, Sys 0 00:00:00  -  Total Local Usage
	89494822  -  Run Bytes Sent By Job
	82333971  -  Run Bytes Received By Job
	271113371  -  Total Bytes Sent By Job
	185494205  -  Total Bytes Received By Job
	Partitionable Resources :    Usage  Request Allocated 
	   Cpus                 :                20        20 
	   Disk (KB)            :    88628  3145728   3146752 
	   GPUs                 :                           0 
	   Memory (MB)          :      977     3072      3072 
	   TimeExecute (s)      :     1474                    
	   TimeSlotBusy (s)     :    33971                    
...
