000 (42367151.000.000) 2025-09-09 13:43:59 Job submitted from host: <10.14.0.121:9618?addrs=10.14.0.121-9618&alias=ldas-pcdev12.ligo.caltech.edu&noUDP&sock=schedd_7366_0ab3>
    DAG Node: create_data.00000
...
040 (42367151.000.000) 2025-09-09 13:50:37 Started transferring input files
	Transferring to host: <10.14.5.134:9618?addrs=10.14.5.134-9618&alias=node1134.cluster.ldas.cit&noUDP&sock=slot1_8_7358_2064_2091>
...
040 (42367151.000.000) 2025-09-09 13:50:37 Finished transferring input files
...
001 (42367151.000.000) 2025-09-09 13:50:37 Job executing on host: <10.14.5.134:9618?addrs=10.14.5.134-9618&alias=node1134.cluster.ldas.cit&noUDP&sock=startd_7250_79b6>
	SlotName: slot1_8@node1134.cluster.ldas.cit
	CondorScratchDir = "/var/lib/condor/execute/dir_424736"
	Cpus = 1
	Disk = 513024
	GPUs = 0
	Memory = 512
...
006 (42367151.000.000) 2025-09-09 13:50:38 Image size of job updated: 125
	0  -  MemoryUsage of job (MB)
	0  -  ResidentSetSize of job (KB)
...
040 (42367151.000.000) 2025-09-09 13:50:38 Started transferring output files
...
040 (42367151.000.000) 2025-09-09 13:50:38 Finished transferring output files
...
005 (42367151.000.000) 2025-09-09 13:50:39 Job terminated.
	(1) Normal termination (return value 0)
		Usr 0 00:00:00, Sys 0 00:00:00  -  Run Remote Usage
		Usr 0 00:00:00, Sys 0 00:00:00  -  Run Local Usage
		Usr 0 00:00:00, Sys 0 00:00:00  -  Total Remote Usage
		Usr 0 00:00:00, Sys 0 00:00:00  -  Total Local Usage
	789650  -  Run Bytes Sent By Job
	122456  -  Run Bytes Received By Job
	789650  -  Total Bytes Sent By Job
	122456  -  Total Bytes Received By Job
	Partitionable Resources :    Usage  Request Allocated 
	   Cpus                 :                 1         1 
	   Disk (KB)            :      933   512000    513024 
	   GPUs                 :                           0 
	   Memory (MB)          :        0      500       512 
	   TimeExecute (s)      :        1                    
	   TimeSlotBusy (s)     :        2                    
...
